2024/03/18 12:51:21 [notice] 1#1: using the "epoll" event method
2024/03/18 12:51:21 [notice] 1#1: nginx/1.25.4
2024/03/18 12:51:21 [notice] 1#1: built by gcc 12.2.1 20220924 (Alpine 12.2.1_git20220924-r10) 
2024/03/18 12:51:21 [notice] 1#1: OS: Linux 5.15.133.1-microsoft-standard-WSL2
2024/03/18 12:51:21 [notice] 1#1: getrlimit(RLIMIT_NOFILE): 1048576:1048576
2024/03/18 12:51:21 [notice] 1#1: start worker processes
2024/03/18 12:51:21 [notice] 1#1: start worker process 29
2024/03/18 12:51:21 [notice] 1#1: start worker process 30
2024/03/18 12:51:21 [notice] 1#1: start worker process 31
2024/03/18 12:51:21 [notice] 1#1: start worker process 32
2024/03/18 12:51:40 [error] 30#30: *2 open() "/var/www/html/favicon.ico" failed (2: No such file or directory), client: 172.26.0.1, server: , request: "GET /favicon.ico HTTP/1.1", host: "localhost:8080", referrer: "http://localhost:8080/"
2024/03/18 12:52:49 [notice] 1#1: signal 3 (SIGQUIT) received, shutting down
2024/03/18 12:52:49 [notice] 29#29: gracefully shutting down
2024/03/18 12:52:49 [notice] 29#29: exiting
2024/03/18 12:52:49 [notice] 32#32: gracefully shutting down
2024/03/18 12:52:49 [notice] 31#31: gracefully shutting down
2024/03/18 12:52:49 [notice] 32#32: exiting
2024/03/18 12:52:49 [notice] 31#31: exiting
2024/03/18 12:52:49 [notice] 29#29: exit
2024/03/18 12:52:49 [notice] 31#31: exit
2024/03/18 12:52:49 [notice] 32#32: exit
2024/03/18 12:52:49 [notice] 30#30: gracefully shutting down
2024/03/18 12:52:49 [notice] 30#30: exiting
2024/03/18 12:52:49 [notice] 30#30: exit
2024/03/18 12:52:50 [notice] 1#1: signal 17 (SIGCHLD) received from 29
2024/03/18 12:52:50 [notice] 1#1: worker process 29 exited with code 0
2024/03/18 12:52:50 [notice] 1#1: signal 29 (SIGIO) received
2024/03/18 12:52:50 [notice] 1#1: signal 17 (SIGCHLD) received from 32
2024/03/18 12:52:50 [notice] 1#1: worker process 30 exited with code 0
2024/03/18 12:52:50 [notice] 1#1: worker process 31 exited with code 0
2024/03/18 12:52:50 [notice] 1#1: worker process 32 exited with code 0
2024/03/18 12:52:50 [notice] 1#1: exit
2024/03/20 12:19:00 [notice] 1#1: using the "epoll" event method
2024/03/20 12:19:00 [notice] 1#1: nginx/1.25.4
2024/03/20 12:19:00 [notice] 1#1: built by gcc 12.2.1 20220924 (Alpine 12.2.1_git20220924-r10) 
2024/03/20 12:19:00 [notice] 1#1: OS: Linux 5.15.133.1-microsoft-standard-WSL2
2024/03/20 12:19:00 [notice] 1#1: getrlimit(RLIMIT_NOFILE): 1048576:1048576
2024/03/20 12:19:00 [notice] 1#1: start worker processes
2024/03/20 12:19:00 [notice] 1#1: start worker process 29
2024/03/20 12:19:00 [notice] 1#1: start worker process 30
2024/03/20 12:19:00 [notice] 1#1: start worker process 31
2024/03/20 12:19:00 [notice] 1#1: start worker process 32
2024/03/20 12:19:01 [notice] 1#1: signal 3 (SIGQUIT) received, shutting down
2024/03/20 12:19:01 [notice] 30#30: gracefully shutting down
2024/03/20 12:19:01 [notice] 30#30: exiting
2024/03/20 12:19:01 [notice] 31#31: gracefully shutting down
2024/03/20 12:19:01 [notice] 31#31: exiting
2024/03/20 12:19:01 [notice] 30#30: exit
2024/03/20 12:19:01 [notice] 31#31: exit
2024/03/20 12:19:01 [notice] 29#29: gracefully shutting down
2024/03/20 12:19:01 [notice] 29#29: exiting
2024/03/20 12:19:01 [notice] 29#29: exit
2024/03/20 12:19:01 [notice] 32#32: gracefully shutting down
2024/03/20 12:19:01 [notice] 32#32: exiting
2024/03/20 12:19:01 [notice] 32#32: exit
2024/03/20 12:19:01 [notice] 1#1: signal 17 (SIGCHLD) received from 30
2024/03/20 12:19:01 [notice] 1#1: worker process 30 exited with code 0
2024/03/20 12:19:01 [notice] 1#1: signal 29 (SIGIO) received
2024/03/20 12:19:01 [notice] 1#1: signal 17 (SIGCHLD) received from 29
2024/03/20 12:19:01 [notice] 1#1: worker process 29 exited with code 0
2024/03/20 12:19:01 [notice] 1#1: worker process 32 exited with code 0
2024/03/20 12:19:01 [notice] 1#1: signal 29 (SIGIO) received
2024/03/20 12:19:01 [notice] 1#1: signal 17 (SIGCHLD) received from 31
2024/03/20 12:19:01 [notice] 1#1: worker process 31 exited with code 0
2024/03/20 12:19:01 [notice] 1#1: exit
2024/03/20 12:19:26 [notice] 1#1: using the "epoll" event method
2024/03/20 12:19:26 [notice] 1#1: nginx/1.25.4
2024/03/20 12:19:26 [notice] 1#1: built by gcc 12.2.1 20220924 (Alpine 12.2.1_git20220924-r10) 
2024/03/20 12:19:26 [notice] 1#1: OS: Linux 5.15.133.1-microsoft-standard-WSL2
2024/03/20 12:19:26 [notice] 1#1: getrlimit(RLIMIT_NOFILE): 1048576:1048576
2024/03/20 12:19:26 [notice] 1#1: start worker processes
2024/03/20 12:19:26 [notice] 1#1: start worker process 29
2024/03/20 12:19:26 [notice] 1#1: start worker process 30
2024/03/20 12:19:26 [notice] 1#1: start worker process 31
2024/03/20 12:19:26 [notice] 1#1: start worker process 32
2024/03/20 12:24:48 [notice] 1#1: signal 3 (SIGQUIT) received, shutting down
2024/03/20 12:24:48 [notice] 29#29: gracefully shutting down
2024/03/20 12:24:48 [notice] 30#30: gracefully shutting down
2024/03/20 12:24:48 [notice] 30#30: exiting
2024/03/20 12:24:48 [notice] 29#29: exiting
2024/03/20 12:24:48 [notice] 32#32: gracefully shutting down
2024/03/20 12:24:48 [notice] 29#29: exit
2024/03/20 12:24:48 [notice] 30#30: exit
2024/03/20 12:24:48 [notice] 32#32: exiting
2024/03/20 12:24:48 [notice] 32#32: exit
2024/03/20 12:24:48 [notice] 31#31: gracefully shutting down
2024/03/20 12:24:48 [notice] 31#31: exiting
2024/03/20 12:24:48 [notice] 31#31: exit
2024/03/20 12:24:48 [notice] 1#1: signal 17 (SIGCHLD) received from 32
2024/03/20 12:24:48 [notice] 1#1: worker process 30 exited with code 0
2024/03/20 12:24:48 [notice] 1#1: worker process 32 exited with code 0
2024/03/20 12:24:48 [notice] 1#1: signal 29 (SIGIO) received
2024/03/20 12:24:48 [notice] 1#1: signal 17 (SIGCHLD) received from 29
2024/03/20 12:24:48 [notice] 1#1: worker process 29 exited with code 0
2024/03/20 12:24:48 [notice] 1#1: worker process 31 exited with code 0
2024/03/20 12:24:48 [notice] 1#1: exit
2024/03/20 12:24:53 [emerg] 1#1: host not found in upstream "app" in /etc/nginx/conf.d/default.conf:22
2024/03/20 12:30:27 [emerg] 1#1: host not found in upstream "app" in /etc/nginx/conf.d/default.conf:19
2024/03/20 12:31:03 [notice] 1#1: using the "epoll" event method
2024/03/20 12:31:03 [notice] 1#1: nginx/1.25.4
2024/03/20 12:31:03 [notice] 1#1: built by gcc 12.2.1 20220924 (Alpine 12.2.1_git20220924-r10) 
2024/03/20 12:31:03 [notice] 1#1: OS: Linux 5.15.133.1-microsoft-standard-WSL2
2024/03/20 12:31:03 [notice] 1#1: getrlimit(RLIMIT_NOFILE): 1048576:1048576
2024/03/20 12:31:03 [notice] 1#1: start worker processes
2024/03/20 12:31:03 [notice] 1#1: start worker process 29
2024/03/20 12:31:03 [notice] 1#1: start worker process 30
2024/03/20 12:31:03 [notice] 1#1: start worker process 31
2024/03/20 12:31:03 [notice] 1#1: start worker process 32
2024/03/20 12:50:39 [notice] 1#1: signal 3 (SIGQUIT) received, shutting down
2024/03/20 12:50:39 [notice] 29#29: gracefully shutting down
2024/03/20 12:50:39 [notice] 31#31: gracefully shutting down
2024/03/20 12:50:39 [notice] 32#32: gracefully shutting down
2024/03/20 12:50:39 [notice] 29#29: exiting
2024/03/20 12:50:39 [notice] 31#31: exiting
2024/03/20 12:50:39 [notice] 32#32: exiting
2024/03/20 12:50:39 [notice] 29#29: exit
2024/03/20 12:50:39 [notice] 31#31: exit
2024/03/20 12:50:39 [notice] 32#32: exit
2024/03/20 12:50:39 [notice] 30#30: gracefully shutting down
2024/03/20 12:50:39 [notice] 30#30: exiting
2024/03/20 12:50:39 [notice] 30#30: exit
2024/03/20 12:50:39 [notice] 1#1: signal 17 (SIGCHLD) received from 29
2024/03/20 12:50:39 [notice] 1#1: worker process 29 exited with code 0
2024/03/20 12:50:39 [notice] 1#1: worker process 32 exited with code 0
2024/03/20 12:50:39 [notice] 1#1: signal 29 (SIGIO) received
2024/03/20 12:50:39 [notice] 1#1: signal 17 (SIGCHLD) received from 31
2024/03/20 12:50:39 [notice] 1#1: worker process 31 exited with code 0
2024/03/20 12:50:39 [notice] 1#1: signal 29 (SIGIO) received
2024/03/20 12:50:39 [notice] 1#1: signal 17 (SIGCHLD) received from 30
2024/03/20 12:50:39 [notice] 1#1: worker process 30 exited with code 0
2024/03/20 12:50:39 [notice] 1#1: exit
2024/03/20 12:50:46 [notice] 1#1: using the "epoll" event method
2024/03/20 12:50:46 [notice] 1#1: nginx/1.25.4
2024/03/20 12:50:46 [notice] 1#1: built by gcc 12.2.1 20220924 (Alpine 12.2.1_git20220924-r10) 
2024/03/20 12:50:46 [notice] 1#1: OS: Linux 5.15.133.1-microsoft-standard-WSL2
2024/03/20 12:50:46 [notice] 1#1: getrlimit(RLIMIT_NOFILE): 1048576:1048576
2024/03/20 12:50:46 [notice] 1#1: start worker processes
2024/03/20 12:50:46 [notice] 1#1: start worker process 29
2024/03/20 12:50:46 [notice] 1#1: start worker process 30
2024/03/20 12:50:46 [notice] 1#1: start worker process 31
2024/03/20 12:50:46 [notice] 1#1: start worker process 32
2024/03/20 13:01:15 [notice] 1#1: signal 3 (SIGQUIT) received, shutting down
2024/03/20 13:01:15 [notice] 30#30: gracefully shutting down
2024/03/20 13:01:15 [notice] 30#30: exiting
2024/03/20 13:01:15 [notice] 30#30: exit
2024/03/20 13:01:15 [notice] 31#31: gracefully shutting down
2024/03/20 13:01:15 [notice] 31#31: exiting
2024/03/20 13:01:15 [notice] 31#31: exit
2024/03/20 13:01:15 [notice] 32#32: gracefully shutting down
2024/03/20 13:01:15 [notice] 29#29: gracefully shutting down
2024/03/20 13:01:15 [notice] 32#32: exiting
2024/03/20 13:01:15 [notice] 29#29: exiting
2024/03/20 13:01:15 [notice] 32#32: exit
2024/03/20 13:01:15 [notice] 29#29: exit
2024/03/20 13:01:15 [notice] 1#1: signal 17 (SIGCHLD) received from 30
2024/03/20 13:01:15 [notice] 1#1: worker process 30 exited with code 0
2024/03/20 13:01:15 [notice] 1#1: signal 29 (SIGIO) received
2024/03/20 13:01:15 [notice] 1#1: signal 17 (SIGCHLD) received from 29
2024/03/20 13:01:15 [notice] 1#1: worker process 29 exited with code 0
2024/03/20 13:01:15 [notice] 1#1: signal 29 (SIGIO) received
2024/03/20 13:01:15 [notice] 1#1: signal 17 (SIGCHLD) received from 32
2024/03/20 13:01:15 [notice] 1#1: worker process 31 exited with code 0
2024/03/20 13:01:15 [notice] 1#1: worker process 32 exited with code 0
2024/03/20 13:01:15 [notice] 1#1: exit
2024/03/20 13:05:15 [notice] 1#1: using the "epoll" event method
2024/03/20 13:05:15 [notice] 1#1: nginx/1.25.4
2024/03/20 13:05:15 [notice] 1#1: built by gcc 12.2.1 20220924 (Alpine 12.2.1_git20220924-r10) 
2024/03/20 13:05:15 [notice] 1#1: OS: Linux 5.15.133.1-microsoft-standard-WSL2
2024/03/20 13:05:15 [notice] 1#1: getrlimit(RLIMIT_NOFILE): 1048576:1048576
2024/03/20 13:05:15 [notice] 1#1: start worker processes
2024/03/20 13:05:15 [notice] 1#1: start worker process 29
2024/03/20 13:05:15 [notice] 1#1: start worker process 30
2024/03/20 13:05:15 [notice] 1#1: start worker process 31
2024/03/20 13:05:15 [notice] 1#1: start worker process 32
2024/03/20 13:07:07 [notice] 1#1: signal 3 (SIGQUIT) received, shutting down
2024/03/20 13:07:07 [notice] 29#29: gracefully shutting down
2024/03/20 13:07:07 [notice] 30#30: gracefully shutting down
2024/03/20 13:07:07 [notice] 29#29: exiting
2024/03/20 13:07:07 [notice] 31#31: gracefully shutting down
2024/03/20 13:07:07 [notice] 30#30: exiting
2024/03/20 13:07:07 [notice] 31#31: exiting
2024/03/20 13:07:07 [notice] 29#29: exit
2024/03/20 13:07:07 [notice] 30#30: exit
2024/03/20 13:07:07 [notice] 31#31: exit
2024/03/20 13:07:07 [notice] 32#32: gracefully shutting down
2024/03/20 13:07:07 [notice] 32#32: exiting
2024/03/20 13:07:07 [notice] 32#32: exit
2024/03/20 13:07:07 [notice] 1#1: signal 17 (SIGCHLD) received from 31
2024/03/20 13:07:07 [notice] 1#1: worker process 30 exited with code 0
2024/03/20 13:07:07 [notice] 1#1: worker process 31 exited with code 0
2024/03/20 13:07:07 [notice] 1#1: worker process 29 exited with code 0
2024/03/20 13:07:07 [notice] 1#1: worker process 32 exited with code 0
2024/03/20 13:07:07 [notice] 1#1: exit
2024/03/20 13:07:13 [notice] 1#1: using the "epoll" event method
2024/03/20 13:07:13 [notice] 1#1: nginx/1.25.4
2024/03/20 13:07:13 [notice] 1#1: built by gcc 12.2.1 20220924 (Alpine 12.2.1_git20220924-r10) 
2024/03/20 13:07:13 [notice] 1#1: OS: Linux 5.15.133.1-microsoft-standard-WSL2
2024/03/20 13:07:13 [notice] 1#1: getrlimit(RLIMIT_NOFILE): 1048576:1048576
2024/03/20 13:07:13 [notice] 1#1: start worker processes
2024/03/20 13:07:13 [notice] 1#1: start worker process 28
2024/03/20 13:07:13 [notice] 1#1: start worker process 29
2024/03/20 13:07:13 [notice] 1#1: start worker process 30
2024/03/20 13:07:13 [notice] 1#1: start worker process 31
2024/03/20 13:11:54 [notice] 1#1: signal 3 (SIGQUIT) received, shutting down
2024/03/20 13:11:54 [notice] 28#28: gracefully shutting down
2024/03/20 13:11:54 [notice] 29#29: gracefully shutting down
2024/03/20 13:11:54 [notice] 28#28: exiting
2024/03/20 13:11:54 [notice] 29#29: exiting
2024/03/20 13:11:54 [notice] 28#28: exit
2024/03/20 13:11:54 [notice] 29#29: exit
2024/03/20 13:11:54 [notice] 31#31: gracefully shutting down
2024/03/20 13:11:54 [notice] 31#31: exiting
2024/03/20 13:11:54 [notice] 31#31: exit
2024/03/20 13:11:54 [notice] 30#30: gracefully shutting down
2024/03/20 13:11:54 [notice] 30#30: exiting
2024/03/20 13:11:54 [notice] 30#30: exit
2024/03/20 13:11:54 [notice] 1#1: signal 17 (SIGCHLD) received from 30
2024/03/20 13:11:54 [notice] 1#1: worker process 28 exited with code 0
2024/03/20 13:11:54 [notice] 1#1: worker process 29 exited with code 0
2024/03/20 13:11:54 [notice] 1#1: worker process 30 exited with code 0
2024/03/20 13:11:54 [notice] 1#1: signal 29 (SIGIO) received
2024/03/20 13:11:54 [notice] 1#1: signal 17 (SIGCHLD) received from 28
2024/03/20 13:11:54 [notice] 1#1: worker process 31 exited with code 0
2024/03/20 13:11:54 [notice] 1#1: exit
2024/03/20 17:37:30 [notice] 1#1: using the "epoll" event method
2024/03/20 17:37:30 [notice] 1#1: nginx/1.25.4
2024/03/20 17:37:30 [notice] 1#1: built by gcc 12.2.1 20220924 (Alpine 12.2.1_git20220924-r10) 
2024/03/20 17:37:30 [notice] 1#1: OS: Linux 5.15.133.1-microsoft-standard-WSL2
2024/03/20 17:37:30 [notice] 1#1: getrlimit(RLIMIT_NOFILE): 1048576:1048576
2024/03/20 17:37:30 [notice] 1#1: start worker processes
2024/03/20 17:37:30 [notice] 1#1: start worker process 20
2024/03/20 17:37:30 [notice] 1#1: start worker process 21
2024/03/20 17:37:30 [notice] 1#1: start worker process 22
2024/03/20 17:37:30 [notice] 1#1: start worker process 23
2024/03/20 17:47:42 [notice] 1#1: signal 3 (SIGQUIT) received, shutting down
2024/03/20 17:47:42 [notice] 20#20: gracefully shutting down
2024/03/20 17:47:42 [notice] 22#22: gracefully shutting down
2024/03/20 17:47:42 [notice] 20#20: exiting
2024/03/20 17:47:42 [notice] 22#22: exiting
2024/03/20 17:47:42 [notice] 22#22: exit
2024/03/20 17:47:42 [notice] 20#20: exit
2024/03/20 17:47:42 [notice] 21#21: gracefully shutting down
2024/03/20 17:47:42 [notice] 21#21: exiting
2024/03/20 17:47:42 [notice] 21#21: exit
2024/03/20 17:47:42 [notice] 23#23: gracefully shutting down
2024/03/20 17:47:42 [notice] 23#23: exiting
2024/03/20 17:47:42 [notice] 23#23: exit
2024/03/20 17:47:42 [notice] 1#1: signal 17 (SIGCHLD) received from 20
2024/03/20 17:47:42 [notice] 1#1: worker process 20 exited with code 0
2024/03/20 17:47:42 [notice] 1#1: signal 29 (SIGIO) received
2024/03/20 17:47:42 [notice] 1#1: signal 17 (SIGCHLD) received from 21
2024/03/20 17:47:42 [notice] 1#1: worker process 21 exited with code 0
2024/03/20 17:47:42 [notice] 1#1: signal 29 (SIGIO) received
2024/03/20 17:47:42 [notice] 1#1: signal 17 (SIGCHLD) received from 22
2024/03/20 17:47:42 [notice] 1#1: worker process 22 exited with code 0
2024/03/20 17:47:42 [notice] 1#1: signal 29 (SIGIO) received
2024/03/20 17:47:42 [notice] 1#1: signal 17 (SIGCHLD) received from 23
2024/03/20 17:47:42 [notice] 1#1: worker process 23 exited with code 0
2024/03/20 17:47:42 [notice] 1#1: exit
2024/03/20 17:47:43 [emerg] 1#1: host not found in upstream "php" in /etc/nginx/conf.d/app.conf:12
2024/03/20 17:48:24 [emerg] 1#1: host not found in upstream "php" in /etc/nginx/conf.d/app.conf:12
2024/03/20 17:52:04 [emerg] 1#1: host not found in upstream "php" in /etc/nginx/conf.d/app.conf:12
2024/03/20 18:32:05 [emerg] 1#1: host not found in upstream "php" in /etc/nginx/conf.d/app.conf:12
2024/03/20 18:59:27 [emerg] 1#1: host not found in upstream "php" in /etc/nginx/conf.d/app.conf:12
2024/03/20 19:00:03 [notice] 1#1: using the "epoll" event method
2024/03/20 19:00:03 [notice] 1#1: nginx/1.25.4
2024/03/20 19:00:03 [notice] 1#1: built by gcc 12.2.1 20220924 (Alpine 12.2.1_git20220924-r10) 
2024/03/20 19:00:03 [notice] 1#1: OS: Linux 5.15.133.1-microsoft-standard-WSL2
2024/03/20 19:00:03 [notice] 1#1: getrlimit(RLIMIT_NOFILE): 1048576:1048576
2024/03/20 19:00:03 [notice] 1#1: start worker processes
2024/03/20 19:00:03 [notice] 1#1: start worker process 20
2024/03/20 19:00:03 [notice] 1#1: start worker process 21
2024/03/20 19:00:03 [notice] 1#1: start worker process 22
2024/03/20 19:00:03 [notice] 1#1: start worker process 23
2024/03/20 19:00:09 [error] 21#21: *2 open() "/var/www/html/favicon.ico" failed (2: No such file or directory), client: 192.168.48.1, server: , request: "GET /favicon.ico HTTP/1.1", host: "localhost:8080", referrer: "http://localhost:8080/"
2024/03/20 19:00:49 [error] 21#21: *2 open() "/var/www/html/favicon.ico" failed (2: No such file or directory), client: 192.168.48.1, server: , request: "GET /favicon.ico HTTP/1.1", host: "localhost:8080", referrer: "http://localhost:8080/"
2024/03/20 19:00:53 [notice] 1#1: signal 3 (SIGQUIT) received, shutting down
2024/03/20 19:00:53 [notice] 22#22: gracefully shutting down
2024/03/20 19:00:53 [notice] 22#22: exiting
2024/03/20 19:00:53 [notice] 23#23: gracefully shutting down
2024/03/20 19:00:53 [notice] 23#23: exiting
2024/03/20 19:00:53 [notice] 22#22: exit
2024/03/20 19:00:53 [notice] 23#23: exit
2024/03/20 19:00:53 [notice] 21#21: gracefully shutting down
2024/03/20 19:00:53 [notice] 20#20: gracefully shutting down
2024/03/20 19:00:53 [notice] 21#21: exiting
2024/03/20 19:00:53 [notice] 21#21: exit
2024/03/20 19:00:53 [notice] 1#1: signal 17 (SIGCHLD) received from 22
2024/03/20 19:00:53 [notice] 1#1: worker process 22 exited with code 0
2024/03/20 19:00:53 [notice] 1#1: signal 29 (SIGIO) received
2024/03/20 19:00:53 [notice] 1#1: signal 17 (SIGCHLD) received from 21
2024/03/20 19:00:53 [notice] 1#1: worker process 21 exited with code 0
2024/03/20 19:00:53 [notice] 1#1: signal 29 (SIGIO) received
2024/03/20 19:00:53 [notice] 1#1: signal 17 (SIGCHLD) received from 23
2024/03/20 19:00:53 [notice] 1#1: worker process 23 exited with code 0
2024/03/20 19:00:53 [notice] 1#1: signal 29 (SIGIO) received
2024/03/20 19:01:05 [notice] 1#1: using the "epoll" event method
2024/03/20 19:01:05 [notice] 1#1: nginx/1.25.4
2024/03/20 19:01:05 [notice] 1#1: built by gcc 12.2.1 20220924 (Alpine 12.2.1_git20220924-r10) 
2024/03/20 19:01:05 [notice] 1#1: OS: Linux 5.15.133.1-microsoft-standard-WSL2
2024/03/20 19:01:05 [notice] 1#1: getrlimit(RLIMIT_NOFILE): 1048576:1048576
2024/03/20 19:01:05 [notice] 1#1: start worker processes
2024/03/20 19:01:05 [notice] 1#1: start worker process 20
2024/03/20 19:01:05 [notice] 1#1: start worker process 21
2024/03/20 19:01:05 [notice] 1#1: start worker process 22
2024/03/20 19:01:05 [notice] 1#1: start worker process 23
2024/03/20 19:02:06 [notice] 1#1: signal 3 (SIGQUIT) received, shutting down
2024/03/20 19:02:06 [notice] 20#20: gracefully shutting down
2024/03/20 19:02:06 [notice] 20#20: exiting
2024/03/20 19:02:06 [notice] 20#20: exit
2024/03/20 19:02:06 [notice] 21#21: gracefully shutting down
2024/03/20 19:02:06 [notice] 22#22: gracefully shutting down
2024/03/20 19:02:06 [notice] 22#22: exiting
2024/03/20 19:02:06 [notice] 22#22: exit
2024/03/20 19:02:06 [notice] 23#23: gracefully shutting down
2024/03/20 19:02:06 [notice] 23#23: exiting
2024/03/20 19:02:06 [notice] 23#23: exit
2024/03/20 19:02:06 [notice] 1#1: signal 17 (SIGCHLD) received from 23
2024/03/20 19:02:06 [notice] 1#1: worker process 22 exited with code 0
2024/03/20 19:02:06 [notice] 1#1: worker process 23 exited with code 0
2024/03/20 19:02:06 [notice] 1#1: signal 29 (SIGIO) received
2024/03/20 19:02:06 [notice] 1#1: signal 17 (SIGCHLD) received from 20
2024/03/20 19:02:06 [notice] 1#1: worker process 20 exited with code 0
2024/03/20 19:02:06 [notice] 1#1: signal 29 (SIGIO) received
2024/03/20 19:02:14 [notice] 1#1: using the "epoll" event method
2024/03/20 19:02:14 [notice] 1#1: nginx/1.25.4
2024/03/20 19:02:14 [notice] 1#1: built by gcc 12.2.1 20220924 (Alpine 12.2.1_git20220924-r10) 
2024/03/20 19:02:14 [notice] 1#1: OS: Linux 5.15.133.1-microsoft-standard-WSL2
2024/03/20 19:02:14 [notice] 1#1: getrlimit(RLIMIT_NOFILE): 1048576:1048576
2024/03/20 19:02:14 [notice] 1#1: start worker processes
2024/03/20 19:02:14 [notice] 1#1: start worker process 20
2024/03/20 19:02:14 [notice] 1#1: start worker process 21
2024/03/20 19:02:14 [notice] 1#1: start worker process 22
2024/03/20 19:02:14 [notice] 1#1: start worker process 23
2024/03/20 19:02:31 [notice] 1#1: signal 3 (SIGQUIT) received, shutting down
2024/03/20 19:02:31 [notice] 20#20: gracefully shutting down
2024/03/20 19:02:31 [notice] 22#22: gracefully shutting down
2024/03/20 19:02:31 [notice] 22#22: exiting
2024/03/20 19:02:31 [notice] 20#20: exiting
2024/03/20 19:02:31 [notice] 22#22: exit
2024/03/20 19:02:31 [notice] 21#21: gracefully shutting down
2024/03/20 19:02:31 [notice] 20#20: exit
2024/03/20 19:02:31 [notice] 23#23: gracefully shutting down
2024/03/20 19:02:31 [notice] 23#23: exiting
2024/03/20 19:02:31 [notice] 23#23: exit
2024/03/20 19:02:31 [notice] 1#1: signal 17 (SIGCHLD) received from 23
2024/03/20 19:02:31 [notice] 1#1: worker process 22 exited with code 0
2024/03/20 19:02:31 [notice] 1#1: worker process 23 exited with code 0
2024/03/20 19:02:31 [notice] 1#1: signal 29 (SIGIO) received
2024/03/20 19:02:31 [notice] 1#1: signal 17 (SIGCHLD) received from 20
2024/03/20 19:02:31 [notice] 1#1: worker process 20 exited with code 0
2024/03/20 19:02:31 [notice] 1#1: signal 29 (SIGIO) received
2024/03/20 19:03:13 [notice] 1#1: using the "epoll" event method
2024/03/20 19:03:13 [notice] 1#1: nginx/1.25.4
2024/03/20 19:03:13 [notice] 1#1: built by gcc 12.2.1 20220924 (Alpine 12.2.1_git20220924-r10) 
2024/03/20 19:03:13 [notice] 1#1: OS: Linux 5.15.133.1-microsoft-standard-WSL2
2024/03/20 19:03:13 [notice] 1#1: getrlimit(RLIMIT_NOFILE): 1048576:1048576
2024/03/20 19:03:13 [notice] 1#1: start worker processes
2024/03/20 19:03:13 [notice] 1#1: start worker process 21
2024/03/20 19:03:13 [notice] 1#1: start worker process 22
2024/03/20 19:03:13 [notice] 1#1: start worker process 23
2024/03/20 19:03:13 [notice] 1#1: start worker process 24
2024/03/20 19:03:17 [error] 22#22: *2 directory index of "/var/www/html/" is forbidden, client: 192.168.96.1, server: , request: "GET / HTTP/1.1", host: "localhost:8080"
2024/03/20 19:03:22 [error] 22#22: *2 directory index of "/var/www/html/" is forbidden, client: 192.168.96.1, server: , request: "GET / HTTP/1.1", host: "localhost:8080"
2024/03/20 19:03:31 [error] 22#22: *2 directory index of "/var/www/html/" is forbidden, client: 192.168.96.1, server: , request: "GET / HTTP/1.1", host: "localhost:8080"
2024/03/20 19:03:32 [error] 22#22: *2 directory index of "/var/www/html/" is forbidden, client: 192.168.96.1, server: , request: "GET / HTTP/1.1", host: "localhost:8080"
2024/03/20 19:03:33 [error] 22#22: *2 directory index of "/var/www/html/" is forbidden, client: 192.168.96.1, server: , request: "GET / HTTP/1.1", host: "localhost:8080"
2024/03/20 19:03:36 [notice] 1#1: signal 3 (SIGQUIT) received, shutting down
2024/03/20 19:03:36 [notice] 21#21: gracefully shutting down
2024/03/20 19:03:36 [notice] 24#24: gracefully shutting down
2024/03/20 19:03:36 [notice] 24#24: exiting
2024/03/20 19:03:36 [notice] 23#23: gracefully shutting down
2024/03/20 19:03:36 [notice] 23#23: exiting
2024/03/20 19:03:36 [notice] 24#24: exit
2024/03/20 19:03:36 [notice] 23#23: exit
2024/03/20 19:03:36 [notice] 22#22: gracefully shutting down
2024/03/20 19:03:36 [notice] 22#22: exiting
2024/03/20 19:03:36 [notice] 22#22: exit
2024/03/20 19:03:37 [notice] 1#1: signal 17 (SIGCHLD) received from 23
2024/03/20 19:03:37 [notice] 1#1: worker process 23 exited with code 0
2024/03/20 19:03:37 [notice] 1#1: worker process 24 exited with code 0
2024/03/20 19:03:37 [notice] 1#1: signal 29 (SIGIO) received
2024/03/20 19:03:37 [notice] 1#1: signal 17 (SIGCHLD) received from 22
2024/03/20 19:03:37 [notice] 1#1: worker process 22 exited with code 0
2024/03/20 19:03:37 [notice] 1#1: signal 29 (SIGIO) received
2024/03/20 19:03:52 [notice] 1#1: using the "epoll" event method
2024/03/20 19:03:52 [notice] 1#1: nginx/1.25.4
2024/03/20 19:03:52 [notice] 1#1: built by gcc 12.2.1 20220924 (Alpine 12.2.1_git20220924-r10) 
2024/03/20 19:03:52 [notice] 1#1: OS: Linux 5.15.133.1-microsoft-standard-WSL2
2024/03/20 19:03:52 [notice] 1#1: getrlimit(RLIMIT_NOFILE): 1048576:1048576
2024/03/20 19:03:52 [notice] 1#1: start worker processes
2024/03/20 19:03:52 [notice] 1#1: start worker process 20
2024/03/20 19:03:52 [notice] 1#1: start worker process 21
2024/03/20 19:03:52 [notice] 1#1: start worker process 22
2024/03/20 19:03:52 [notice] 1#1: start worker process 23
2024/03/20 19:15:54 [notice] 1#1: signal 3 (SIGQUIT) received, shutting down
2024/03/20 19:15:54 [notice] 23#23: gracefully shutting down
2024/03/20 19:15:54 [notice] 23#23: exiting
2024/03/20 19:15:54 [notice] 23#23: exit
2024/03/20 19:15:54 [notice] 21#21: gracefully shutting down
2024/03/20 19:15:54 [notice] 21#21: exiting
2024/03/20 19:15:54 [notice] 22#22: gracefully shutting down
2024/03/20 19:15:54 [notice] 21#21: exit
2024/03/20 19:15:54 [notice] 22#22: exiting
2024/03/20 19:15:54 [notice] 22#22: exit
2024/03/20 19:15:54 [notice] 20#20: gracefully shutting down
2024/03/20 19:15:54 [notice] 20#20: exiting
2024/03/20 19:15:54 [notice] 20#20: exit
2024/03/20 19:15:54 [notice] 1#1: signal 17 (SIGCHLD) received from 22
2024/03/20 19:15:54 [notice] 1#1: worker process 20 exited with code 0
2024/03/20 19:15:54 [notice] 1#1: worker process 22 exited with code 0
2024/03/20 19:15:54 [notice] 1#1: signal 29 (SIGIO) received
2024/03/20 19:15:54 [notice] 1#1: signal 17 (SIGCHLD) received from 20
2024/03/20 19:15:54 [notice] 1#1: signal 17 (SIGCHLD) received from 23
2024/03/20 19:15:54 [notice] 1#1: worker process 21 exited with code 0
2024/03/20 19:15:54 [notice] 1#1: worker process 23 exited with code 0
2024/03/20 19:15:54 [notice] 1#1: exit
2024/03/20 19:16:34 [notice] 1#1: using the "epoll" event method
2024/03/20 19:16:34 [notice] 1#1: nginx/1.25.4
2024/03/20 19:16:34 [notice] 1#1: built by gcc 12.2.1 20220924 (Alpine 12.2.1_git20220924-r10) 
2024/03/20 19:16:34 [notice] 1#1: OS: Linux 5.15.133.1-microsoft-standard-WSL2
2024/03/20 19:16:34 [notice] 1#1: getrlimit(RLIMIT_NOFILE): 1048576:1048576
2024/03/20 19:16:34 [notice] 1#1: start worker processes
2024/03/20 19:16:34 [notice] 1#1: start worker process 20
2024/03/20 19:16:34 [notice] 1#1: start worker process 21
2024/03/20 19:16:34 [notice] 1#1: start worker process 22
2024/03/20 19:16:34 [notice] 1#1: start worker process 23
2024/03/20 19:17:15 [notice] 1#1: signal 3 (SIGQUIT) received, shutting down
2024/03/20 19:17:15 [notice] 21#21: gracefully shutting down
2024/03/20 19:17:15 [notice] 21#21: exiting
2024/03/20 19:17:15 [notice] 20#20: gracefully shutting down
2024/03/20 19:17:15 [notice] 23#23: gracefully shutting down
2024/03/20 19:17:15 [notice] 20#20: exiting
2024/03/20 19:17:15 [notice] 21#21: exit
2024/03/20 19:17:15 [notice] 23#23: exiting
2024/03/20 19:17:15 [notice] 20#20: exit
2024/03/20 19:17:15 [notice] 23#23: exit
2024/03/20 19:17:15 [notice] 22#22: gracefully shutting down
2024/03/20 19:17:15 [notice] 22#22: exiting
2024/03/20 19:17:15 [notice] 22#22: exit
2024/03/20 19:17:15 [notice] 1#1: signal 17 (SIGCHLD) received from 21
2024/03/20 19:17:15 [notice] 1#1: worker process 21 exited with code 0
2024/03/20 19:17:15 [notice] 1#1: signal 29 (SIGIO) received
2024/03/20 19:17:15 [notice] 1#1: signal 17 (SIGCHLD) received from 23
2024/03/20 19:17:15 [notice] 1#1: worker process 22 exited with code 0
2024/03/20 19:17:15 [notice] 1#1: worker process 23 exited with code 0
2024/03/20 19:17:15 [notice] 1#1: signal 29 (SIGIO) received
2024/03/20 19:17:15 [notice] 1#1: signal 17 (SIGCHLD) received from 20
2024/03/20 19:17:15 [notice] 1#1: worker process 20 exited with code 0
2024/03/20 19:17:15 [notice] 1#1: exit
2024/03/20 19:17:17 [notice] 1#1: using the "epoll" event method
2024/03/20 19:17:17 [notice] 1#1: nginx/1.25.4
2024/03/20 19:17:17 [notice] 1#1: built by gcc 12.2.1 20220924 (Alpine 12.2.1_git20220924-r10) 
2024/03/20 19:17:17 [notice] 1#1: OS: Linux 5.15.133.1-microsoft-standard-WSL2
2024/03/20 19:17:17 [notice] 1#1: getrlimit(RLIMIT_NOFILE): 1048576:1048576
2024/03/20 19:17:17 [notice] 1#1: start worker processes
2024/03/20 19:17:17 [notice] 1#1: start worker process 20
2024/03/20 19:17:17 [notice] 1#1: start worker process 21
2024/03/20 19:17:17 [notice] 1#1: start worker process 22
2024/03/20 19:17:17 [notice] 1#1: start worker process 23
2024/03/20 19:18:03 [notice] 1#1: signal 3 (SIGQUIT) received, shutting down
2024/03/20 19:18:03 [notice] 23#23: gracefully shutting down
2024/03/20 19:18:03 [notice] 23#23: exiting
2024/03/20 19:18:03 [notice] 23#23: exit
2024/03/20 19:18:03 [notice] 20#20: gracefully shutting down
2024/03/20 19:18:03 [notice] 20#20: exiting
2024/03/20 19:18:03 [notice] 20#20: exit
2024/03/20 19:18:03 [notice] 22#22: gracefully shutting down
2024/03/20 19:18:03 [notice] 22#22: exiting
2024/03/20 19:18:03 [notice] 22#22: exit
2024/03/20 19:18:03 [notice] 21#21: gracefully shutting down
2024/03/20 19:18:03 [notice] 21#21: exiting
2024/03/20 19:18:03 [notice] 21#21: exit
2024/03/20 19:18:03 [notice] 1#1: signal 17 (SIGCHLD) received from 23
2024/03/20 19:18:03 [notice] 1#1: worker process 23 exited with code 0
2024/03/20 19:18:03 [notice] 1#1: signal 29 (SIGIO) received
2024/03/20 19:18:03 [notice] 1#1: signal 17 (SIGCHLD) received from 21
2024/03/20 19:18:03 [notice] 1#1: worker process 21 exited with code 0
2024/03/20 19:18:03 [notice] 1#1: worker process 22 exited with code 0
2024/03/20 19:18:03 [notice] 1#1: signal 29 (SIGIO) received
2024/03/20 19:18:03 [notice] 1#1: signal 17 (SIGCHLD) received from 20
2024/03/20 19:18:03 [notice] 1#1: worker process 20 exited with code 0
2024/03/20 19:18:03 [notice] 1#1: exit
2024/03/20 19:18:13 [notice] 1#1: using the "epoll" event method
2024/03/20 19:18:13 [notice] 1#1: nginx/1.25.4
2024/03/20 19:18:13 [notice] 1#1: built by gcc 12.2.1 20220924 (Alpine 12.2.1_git20220924-r10) 
2024/03/20 19:18:13 [notice] 1#1: OS: Linux 5.15.133.1-microsoft-standard-WSL2
2024/03/20 19:18:13 [notice] 1#1: getrlimit(RLIMIT_NOFILE): 1048576:1048576
2024/03/20 19:18:13 [notice] 1#1: start worker processes
2024/03/20 19:18:13 [notice] 1#1: start worker process 20
2024/03/20 19:18:13 [notice] 1#1: start worker process 21
2024/03/20 19:18:13 [notice] 1#1: start worker process 22
2024/03/20 19:18:13 [notice] 1#1: start worker process 23
2024/03/20 19:18:53 [notice] 1#1: signal 3 (SIGQUIT) received, shutting down
2024/03/20 19:18:53 [notice] 20#20: gracefully shutting down
2024/03/20 19:18:53 [notice] 22#22: gracefully shutting down
2024/03/20 19:18:53 [notice] 22#22: exiting
2024/03/20 19:18:53 [notice] 20#20: exiting
2024/03/20 19:18:53 [notice] 20#20: exit
2024/03/20 19:18:53 [notice] 22#22: exit
2024/03/20 19:18:53 [notice] 23#23: gracefully shutting down
2024/03/20 19:18:53 [notice] 23#23: exiting
2024/03/20 19:18:53 [notice] 23#23: exit
2024/03/20 19:18:53 [notice] 21#21: gracefully shutting down
2024/03/20 19:18:53 [notice] 21#21: exiting
2024/03/20 19:18:53 [notice] 21#21: exit
2024/03/20 19:18:53 [notice] 1#1: signal 17 (SIGCHLD) received from 20
2024/03/20 19:18:53 [notice] 1#1: worker process 20 exited with code 0
2024/03/20 19:18:53 [notice] 1#1: worker process 22 exited with code 0
2024/03/20 19:18:53 [notice] 1#1: signal 29 (SIGIO) received
2024/03/20 19:18:53 [notice] 1#1: signal 17 (SIGCHLD) received from 21
2024/03/20 19:18:53 [notice] 1#1: worker process 21 exited with code 0
2024/03/20 19:18:53 [notice] 1#1: signal 29 (SIGIO) received
2024/03/20 19:18:53 [notice] 1#1: signal 17 (SIGCHLD) received from 23
2024/03/20 19:18:53 [notice] 1#1: worker process 23 exited with code 0
2024/03/20 19:18:53 [notice] 1#1: exit
2024/03/20 19:18:59 [notice] 1#1: using the "epoll" event method
2024/03/20 19:18:59 [notice] 1#1: nginx/1.25.4
2024/03/20 19:18:59 [notice] 1#1: built by gcc 12.2.1 20220924 (Alpine 12.2.1_git20220924-r10) 
2024/03/20 19:18:59 [notice] 1#1: OS: Linux 5.15.133.1-microsoft-standard-WSL2
2024/03/20 19:18:59 [notice] 1#1: getrlimit(RLIMIT_NOFILE): 1048576:1048576
2024/03/20 19:18:59 [notice] 1#1: start worker processes
2024/03/20 19:18:59 [notice] 1#1: start worker process 20
2024/03/20 19:18:59 [notice] 1#1: start worker process 21
2024/03/20 19:18:59 [notice] 1#1: start worker process 22
2024/03/20 19:18:59 [notice] 1#1: start worker process 23
2024/03/20 19:37:31 [notice] 1#1: signal 3 (SIGQUIT) received, shutting down
2024/03/20 19:37:31 [notice] 21#21: gracefully shutting down
2024/03/20 19:37:31 [notice] 20#20: gracefully shutting down
2024/03/20 19:37:31 [notice] 21#21: exiting
2024/03/20 19:37:31 [notice] 20#20: exiting
2024/03/20 19:37:31 [notice] 22#22: gracefully shutting down
2024/03/20 19:37:31 [notice] 20#20: exit
2024/03/20 19:37:31 [notice] 21#21: exit
2024/03/20 19:37:31 [notice] 22#22: exiting
2024/03/20 19:37:31 [notice] 22#22: exit
2024/03/20 19:37:31 [notice] 23#23: gracefully shutting down
2024/03/20 19:37:31 [notice] 23#23: exiting
2024/03/20 19:37:31 [notice] 23#23: exit
2024/03/20 19:37:31 [notice] 1#1: signal 17 (SIGCHLD) received from 22
2024/03/20 19:37:31 [notice] 1#1: worker process 22 exited with code 0
2024/03/20 19:37:31 [notice] 1#1: signal 29 (SIGIO) received
2024/03/20 19:37:31 [notice] 1#1: signal 17 (SIGCHLD) received from 21
2024/03/20 19:37:31 [notice] 1#1: worker process 21 exited with code 0
2024/03/20 19:37:31 [notice] 1#1: signal 29 (SIGIO) received
2024/03/20 19:37:31 [notice] 1#1: signal 17 (SIGCHLD) received from 23
2024/03/20 19:37:31 [notice] 1#1: worker process 23 exited with code 0
2024/03/20 19:37:31 [notice] 1#1: signal 29 (SIGIO) received
2024/03/20 19:37:31 [notice] 1#1: signal 17 (SIGCHLD) received from 20
2024/03/20 19:37:31 [notice] 1#1: worker process 20 exited with code 0
2024/03/20 19:37:31 [notice] 1#1: exit
2024/03/20 19:38:05 [notice] 1#1: using the "epoll" event method
2024/03/20 19:38:05 [notice] 1#1: nginx/1.25.4
2024/03/20 19:38:05 [notice] 1#1: built by gcc 12.2.1 20220924 (Alpine 12.2.1_git20220924-r10) 
2024/03/20 19:38:05 [notice] 1#1: OS: Linux 5.15.133.1-microsoft-standard-WSL2
2024/03/20 19:38:05 [notice] 1#1: getrlimit(RLIMIT_NOFILE): 1048576:1048576
2024/03/20 19:38:05 [notice] 1#1: start worker processes
2024/03/20 19:38:05 [notice] 1#1: start worker process 20
2024/03/20 19:38:05 [notice] 1#1: start worker process 21
2024/03/20 19:38:05 [notice] 1#1: start worker process 22
2024/03/20 19:38:05 [notice] 1#1: start worker process 23
